<?xml version="1.0" encoding="UTF-8"?>
<!-- Generated by org.testng.reporters.JUnitXMLReporter -->
<testsuite hostname="sujaya" ignored="0" name="Default test" tests="6" failures="0" timestamp="12 Aug 2020 07:20:01 GMT" time="361.093" errors="0">
  <testcase name="Test_verify_UI" time="24.782" classname="app.consumerApp.featureTest.ServiceRequestFeatureTest"/>
  <testcase name="Test_raiseNewRequest1" time="58.087" classname="app.consumerApp.featureTest.ServiceRequestFeatureTest"/>
  <testcase name="Test_verifyConversationScreen" time="3.705" classname="app.consumerApp.featureTest.ServiceRequestFeatureTest"/>
  <testcase name="Test_raiseNewRequest2" time="29.737" classname="app.consumerApp.featureTest.ServiceRequestFeatureTest"/>
  <testcase name="Test_serviecRequest_Reply" time="81.509" classname="app.consumerApp.featureTest.ServiceRequestFeatureTest"/>
  <testcase name="Test_VerifyAttachment_And_ScheduleDateTime" time="84.333" classname="app.consumerApp.featureTest.ServiceRequestFeatureTest"/>
</testsuite> <!-- Default test -->
